
Loading MNIST Data...

Loading Training Data...

Loading Testing Data...

Preparing Classifier Training and Validation Data...

Random Forest Classifier with n_estimators = 100, n_jobs = 10

Pickling the Classifier for Future Use...

Calculating Accuracy of trained Classifier...

Making Predictions on Validation Data...

Calculating Accuracy of Predictions...

Creating Confusion Matrix...

RFC Trained Classifier Confidence:  0.9665

Predicted Values:  [8 8 1 ... 7 9 3]

Accuracy of Classifier on Validation Image Data:  0.9665

Confusion Matrix: 
 [[600   0   1   0   0   0   3   0   6   0]
 [  0 675   4   2   2   1   1   0   0   0]
 [  2   0 562   1   2   0   1   1   2   1]
 [  1   0  14 581   0   9   1   5   6   3]
 [  1   2   0   0 554   0   2   0   1   9]
 [  3   1   0  10   0 486   3   0   5   2]
 [  4   2   0   0   0   3 598   0   0   0]
 [  2   3   3   0   6   1   0 600   0  10]
 [  0   1   4   6   2   5   2   1 595   5]
 [  5   2   1   7   8   2   0   4   4 548]]

Making Predictions on Test Input Images...

Calculating Accuracy of Trained Classifier on Test Data... 

 Creating Confusion Matrix for Test Data...

Predicted Labels for Test Images:  [7 2 1 ... 4 5 6]

Accuracy of Classifier on Test Images:  0.9688

Confusion Matrix for Test Data: 
 [[ 972    0    2    0    0    1    2    1    2    0]
 [   0 1122    3    2    1    1    4    1    1    0]
 [   6    0  994    5    4    2    4    9    8    0]
 [   0    0   11  974    0    4    0   10    7    4]
 [   1    0    1    0  957    0    5    0    2   16]
 [   2    1    0   13    3  856    7    1    5    4]
 [   6    3    0    0    3    5  940    0    1    0]
 [   1    2   18    1    3    0    0  987    2   14]
 [   5    1    6    6    5    9    2    4  927    9]
 [   6    5    1   10   13    5    1    3    6  959]]
